生成启动时间为 4/26/2014 11:29:45 PM。
     1>项目“D:\cproject\mycplus\mycplus.vcxproj”在节点 2 上(build 个目标)。
     1>InitializeBuildStatus:
         正在对“Debug\mycplus.unsuccessfulbuild”执行 Touch 任务。
       ClCompile:
         D:\Program Files (x86)\Microsoft Visual Studio 10.0\VC\bin\CL.exe /c /ZI /nologo /W3 /WX- /Od /Oy- /D WIN32 /D _DEBUG /D _CONSOLE /D _UNICODE /D UNICODE /Gm /EHsc /RTC1 /MDd /GS /fp:precise /Zc:wchar_t /Zc:forScope /Fo"Debug\\" /Fd"Debug\vc100.pdb" /Gd /TP /analyze- /errorReport:prompt test2.cpp
         test2.cpp
       ManifestResourceCompile:
         所有输出均为最新。
       Link:
         D:\Program Files (x86)\Microsoft Visual Studio 10.0\VC\bin\link.exe /ERRORREPORT:PROMPT /OUT:"D:\cproject\mycplus\Debug\mycplus.exe" /INCREMENTAL /NOLOGO kernel32.lib user32.lib gdi32.lib winspool.lib comdlg32.lib advapi32.lib shell32.lib ole32.lib oleaut32.lib uuid.lib odbc32.lib odbccp32.lib /MANIFEST /ManifestFile:"Debug\mycplus.exe.intermediate.manifest" /MANIFESTUAC:"level='asInvoker' uiAccess='false'" /DEBUG /PDB:"D:\cproject\mycplus\Debug\mycplus.pdb" /SUBSYSTEM:CONSOLE /TLBID:1 /DYNAMICBASE /NXCOMPAT /IMPLIB:"D:\cproject\mycplus\Debug\mycplus.lib" /MACHINE:X86 Debug\mycplus.exe.embed.manifest.res
         Debug\test.obj
         Debug\test2.obj
     1>test2.obj : error LNK2019: 无法解析的外部符号 "public: __thiscall nod::nod(void)" (??0nod@@QAE@XZ)，该符号在函数 "public: __thiscall A::A(void)" (??0A@@QAE@XZ) 中被引用
     1>D:\cproject\mycplus\Debug\mycplus.exe : fatal error LNK1120: 1 个无法解析的外部命令
     1>已完成生成项目“D:\cproject\mycplus\mycplus.vcxproj”(build 个目标)的操作 - 失败。

生成失败。

已用时间 00:00:00.81
